<?xml version="1.0" encoding="UTF-8"?>
<!-- Generated by org.testng.reporters.JUnitReportReporter -->
<testsuite skipped="0" hostname="DESKTOP-QRE9MKP" name="org.devops.udemy.demoproject.TestClass1" tests="3" failures="0" timestamp="08 Apr 2019 05:44:45 GMT" time="50.273" errors="0">
  <testcase name="Test3" time="10.488" classname="org.devops.udemy.demoproject.TestClass1"/>
  <testcase name="Test1" time="28.174" classname="org.devops.udemy.demoproject.TestClass1"/>
  <testcase name="Test2" time="11.611" classname="org.devops.udemy.demoproject.TestClass1"/>
</testsuite> <!-- org.devops.udemy.demoproject.TestClass1 -->
